<?xml version="1.0" encoding="UTF-8"?>
<testng-results skipped="0" failed="0" ignored="0" total="1" passed="1">
  <reporter-output>
  </reporter-output>
  <suite name="Default suite" duration-ms="140" started-at="2017-03-14T08:39:13Z" finished-at="2017-03-14T08:39:13Z">
    <groups>
    </groups>
    <test name="Default test" duration-ms="140" started-at="2017-03-14T08:39:13Z" finished-at="2017-03-14T08:39:13Z">
      <class name="testNG_TC.NewTest2">
        <test-method status="PASS" signature="beforeSuite()[pri:0, instance:testNG_TC.NewTest2@4883b407]" name="beforeSuite" is-config="true" duration-ms="17" started-at="2017-03-14T16:39:13Z" finished-at="2017-03-14T16:39:13Z">
          <reporter-output>
          </reporter-output>
        </test-method> <!-- beforeSuite -->
        <test-method status="PASS" signature="beforeTest()[pri:0, instance:testNG_TC.NewTest2@4883b407]" name="beforeTest" is-config="true" duration-ms="1" started-at="2017-03-14T16:39:13Z" finished-at="2017-03-14T16:39:13Z">
          <reporter-output>
          </reporter-output>
        </test-method> <!-- beforeTest -->
        <test-method status="PASS" signature="beforeClass()[pri:0, instance:testNG_TC.NewTest2@4883b407]" name="beforeClass" is-config="true" duration-ms="0" started-at="2017-03-14T16:39:13Z" finished-at="2017-03-14T16:39:13Z">
          <reporter-output>
          </reporter-output>
        </test-method> <!-- beforeClass -->
        <test-method status="PASS" signature="beforeMethod()[pri:0, instance:testNG_TC.NewTest2@4883b407]" name="beforeMethod" is-config="true" duration-ms="1" started-at="2017-03-14T16:39:13Z" finished-at="2017-03-14T16:39:13Z">
          <reporter-output>
          </reporter-output>
        </test-method> <!-- beforeMethod -->
        <test-method status="PASS" signature="f()[pri:0, instance:testNG_TC.NewTest2@4883b407]" name="f" duration-ms="98" started-at="2017-03-14T16:39:13Z" finished-at="2017-03-14T16:39:13Z">
          <reporter-output>
          </reporter-output>
        </test-method> <!-- f -->
        <test-method status="PASS" signature="afterMethod()[pri:0, instance:testNG_TC.NewTest2@4883b407]" name="afterMethod" is-config="true" duration-ms="1" started-at="2017-03-14T16:39:13Z" finished-at="2017-03-14T16:39:13Z">
          <reporter-output>
          </reporter-output>
        </test-method> <!-- afterMethod -->
        <test-method status="PASS" signature="afterClass()[pri:0, instance:testNG_TC.NewTest2@4883b407]" name="afterClass" is-config="true" duration-ms="3" started-at="2017-03-14T16:39:13Z" finished-at="2017-03-14T16:39:13Z">
          <reporter-output>
          </reporter-output>
        </test-method> <!-- afterClass -->
        <test-method status="PASS" signature="afterTest()[pri:0, instance:testNG_TC.NewTest2@4883b407]" name="afterTest" is-config="true" duration-ms="1" started-at="2017-03-14T16:39:13Z" finished-at="2017-03-14T16:39:13Z">
          <reporter-output>
          </reporter-output>
        </test-method> <!-- afterTest -->
        <test-method status="PASS" signature="afterSuite()[pri:0, instance:testNG_TC.NewTest2@4883b407]" name="afterSuite" is-config="true" duration-ms="0" started-at="2017-03-14T16:39:13Z" finished-at="2017-03-14T16:39:13Z">
          <reporter-output>
          </reporter-output>
        </test-method> <!-- afterSuite -->
      </class> <!-- testNG_TC.NewTest2 -->
    </test> <!-- Default test -->
  </suite> <!-- Default suite -->
</testng-results>
